<?xml version="1.0" encoding="UTF-8"?>
<testng-results ignored="0" total="1" passed="1" failed="0" skipped="0">
  <reporter-output>
  </reporter-output>
  <suite started-at="2022-06-02T11:53:48Z" name="Default suite" finished-at="2022-06-02T11:53:53Z" duration-ms="5704">
    <groups>
    </groups>
    <test started-at="2022-06-02T11:53:48Z" name="Default test" finished-at="2022-06-02T11:53:53Z" duration-ms="5704">
      <class name="com.mindtree.Exam2.SearchValidData">
        <test-method signature="Test5()[pri:0, instance:com.mindtree.Exam2.SearchValidData@6ee4d9ab]" started-at="2022-06-02T11:53:48Z" name="Test5" finished-at="2022-06-02T11:53:53Z" duration-ms="5629" status="PASS">
          <reporter-output>
          </reporter-output>
        </test-method> <!-- Test5 -->
      </class> <!-- com.mindtree.Exam2.SearchValidData -->
    </test> <!-- Default test -->
  </suite> <!-- Default suite -->
</testng-results>
