<?xml version="1.0" encoding="UTF-8"?>
<!-- Generated by org.testng.reporters.JUnitXMLReporter -->
<testsuite ignored="0" hostname="mindc1d406" failures="0" tests="6" name="Test" time="124.749" errors="0" timestamp="2022-05-20T09:58:16 IST">
  <testcase classname="com.mindtree.Exam.TC001_URL" name="Test4" time="5.713"/>
  <testcase classname="com.mindtree.Exam.TC003_SearchInValidData" name="Test6" time="5.262"/>
  <testcase classname="com.mindtree.Exam.TC002_SearchValidData" name="Test5" time="21.251"/>
  <testcase classname="com.mindtree.Exam.Help" name="Test1" time="11.195"/>
  <testcase classname="com.mindtree.Exam.LogIn" name="Test2" time="15.242"/>
  <testcase classname="com.mindtree.Exam.Order" name="Test3" time="65.973"/>
</testsuite> <!-- Test -->
