<?xml version="1.0" encoding="UTF-8"?>
<testng-results ignored="0" total="5" passed="5" failed="0" skipped="0">
  <reporter-output>
  </reporter-output>
  <suite started-at="2022-06-02T11:55:58Z" name="Suite" finished-at="2022-06-02T11:57:04Z" duration-ms="66586">
    <groups>
    </groups>
    <test started-at="2022-06-02T11:55:58Z" name="Test" finished-at="2022-06-02T11:57:04Z" duration-ms="66586">
      <class name="com.mindtree.Exam2.SearchValidData">
        <test-method signature="Test5()[pri:0, instance:com.mindtree.Exam2.SearchValidData@1115ec15]" started-at="2022-06-02T11:56:21Z" name="Test5" finished-at="2022-06-02T11:56:31Z" duration-ms="9861" status="PASS">
          <reporter-output>
          </reporter-output>
        </test-method> <!-- Test5 -->
      </class> <!-- com.mindtree.Exam2.SearchValidData -->
      <class name="com.mindtree.Exam2.URL">
        <test-method signature="Test1()[pri:0, instance:com.mindtree.Exam2.URL@14bee915]" started-at="2022-06-02T11:56:13Z" name="Test1" finished-at="2022-06-02T11:56:21Z" duration-ms="7893" status="PASS">
          <reporter-output>
          </reporter-output>
        </test-method> <!-- Test1 -->
      </class> <!-- com.mindtree.Exam2.URL -->
      <class name="com.mindtree.Exam2.LogIn">
        <test-method signature="Test2()[pri:0, instance:com.mindtree.Exam2.LogIn@41ab013]" started-at="2022-06-02T11:55:58Z" name="Test2" finished-at="2022-06-02T11:56:13Z" duration-ms="15357" status="PASS">
          <reporter-output>
          </reporter-output>
        </test-method> <!-- Test2 -->
      </class> <!-- com.mindtree.Exam2.LogIn -->
      <class name="com.mindtree.Exam2.Order">
        <test-method signature="Test3()[pri:0, instance:com.mindtree.Exam2.Order@82ea68c]" started-at="2022-06-02T11:56:31Z" name="Test3" finished-at="2022-06-02T11:56:57Z" duration-ms="26291" status="PASS">
          <reporter-output>
          </reporter-output>
        </test-method> <!-- Test3 -->
      </class> <!-- com.mindtree.Exam2.Order -->
      <class name="com.mindtree.Exam2.SearchInValidData">
        <test-method signature="Test4()[pri:0, instance:com.mindtree.Exam2.SearchInValidData@59e505b2]" started-at="2022-06-02T11:56:57Z" name="Test4" finished-at="2022-06-02T11:57:04Z" duration-ms="7144" status="PASS">
          <reporter-output>
          </reporter-output>
        </test-method> <!-- Test4 -->
      </class> <!-- com.mindtree.Exam2.SearchInValidData -->
    </test> <!-- Test -->
  </suite> <!-- Suite -->
</testng-results>
