<?xml version="1.0" encoding="UTF-8"?>
<!-- Generated by org.testng.reporters.JUnitXMLReporter -->
<testsuite ignored="0" hostname="mindc1d406" failures="0" tests="5" name="Test" time="66.586" errors="0" timestamp="02 Jun 2022 11:57:04 GMT">
  <testcase classname="com.mindtree.Exam2.LogIn" name="Test2" time="15.357"/>
  <testcase classname="com.mindtree.Exam2.URL" name="Test1" time="7.893"/>
  <testcase classname="com.mindtree.Exam2.SearchValidData" name="Test5" time="9.861"/>
  <testcase classname="com.mindtree.Exam2.Order" name="Test3" time="26.291"/>
  <testcase classname="com.mindtree.Exam2.SearchInValidData" name="Test4" time="7.144"/>
</testsuite> <!-- Test -->
